<?xml version="1.0" encoding="UTF-8"?>
<testng-results ignored="0" total="2" passed="2" failed="0" skipped="0">
  <reporter-output>
  </reporter-output>
  <suite started-at="2024-01-18T16:57:54Z" name="Default suite" finished-at="2024-01-18T16:58:10Z" duration-ms="16545">
    <groups>
      <group name="cucumber">
        <method signature="AbstractTestNGCucumberTests.runScenario(io.cucumber.testng.PickleWrapper, io.cucumber.testng.FeatureWrapper)[pri:0, instance:TestRunner.RunnerTest@3daf7722]" name="runScenario" class="io.cucumber.testng.AbstractTestNGCucumberTests"/>
      </group> <!-- cucumber -->
    </groups>
    <test started-at="2024-01-18T16:57:54Z" name="Default test" finished-at="2024-01-18T16:58:10Z" duration-ms="16545">
      <class name="TestRunner.RunnerTest">
        <test-method is-config="true" signature="setUpClass(org.testng.ITestContext)[pri:0, instance:TestRunner.RunnerTest@3daf7722]" started-at="2024-01-18T16:57:54Z" name="setUpClass" finished-at="2024-01-18T16:57:55Z" duration-ms="1010" status="PASS">
          <params>
            <param index="0">
              <value>
                <![CDATA[org.testng.TestRunner@6daf7d37]]>
              </value>
            </param>
          </params>
          <reporter-output>
          </reporter-output>
        </test-method> <!-- setUpClass -->
        <test-method signature="runScenario(io.cucumber.testng.PickleWrapper, io.cucumber.testng.FeatureWrapper)[pri:0, instance:TestRunner.RunnerTest@3daf7722]" started-at="2024-01-18T16:57:55Z" name="runScenario" description="Runs Cucumber Scenarios" data-provider="scenarios" finished-at="2024-01-18T16:58:09Z" duration-ms="14625" status="PASS">
          <params>
            <param index="0">
              <value>
                <![CDATA["Validate contact information page functionality"]]>
              </value>
            </param>
            <param index="1">
              <value>
                <![CDATA["Test Guru 99 application"]]>
              </value>
            </param>
          </params>
          <reporter-output>
          </reporter-output>
        </test-method> <!-- runScenario -->
        <test-method signature="runScenario(io.cucumber.testng.PickleWrapper, io.cucumber.testng.FeatureWrapper)[pri:0, instance:TestRunner.RunnerTest@3daf7722]" started-at="2024-01-18T16:58:09Z" name="runScenario" description="Runs Cucumber Scenarios" data-provider="scenarios" finished-at="2024-01-18T16:58:10Z" duration-ms="822" status="PASS">
          <params>
            <param index="0">
              <value>
                <![CDATA["Validate User Information Functionality"]]>
              </value>
            </param>
            <param index="1">
              <value>
                <![CDATA["Test Guru 99 application"]]>
              </value>
            </param>
          </params>
          <reporter-output>
          </reporter-output>
        </test-method> <!-- runScenario -->
        <test-method is-config="true" signature="tearDownClass()[pri:0, instance:TestRunner.RunnerTest@3daf7722]" started-at="2024-01-18T16:58:10Z" name="tearDownClass" finished-at="2024-01-18T16:58:10Z" duration-ms="5" status="PASS">
          <reporter-output>
          </reporter-output>
        </test-method> <!-- tearDownClass -->
      </class> <!-- TestRunner.RunnerTest -->
    </test> <!-- Default test -->
  </suite> <!-- Default suite -->
</testng-results>
